<?xml version="1.0" encoding="UTF-8"?>
<!-- Generated by org.testng.reporters.JUnitReportReporter -->
<testsuite hostname="DESKTOP-32SHS3O" failures="0" tests="1" name="OrangeHRM.com.HRMS.NewTest" time="11.098" errors="0" timestamp="2024-09-28T19:17:43 IST" skipped="0">
  <testcase classname="OrangeHRM.com.HRMS.NewTest" name="login" time="11.098"/>
</testsuite> <!-- OrangeHRM.com.HRMS.NewTest -->
